<?xml version="1.0" encoding="UTF-8"?>
<!-- Generated by org.testng.reporters.JUnitReportReporter -->
<testsuite skipped="0" hostname="DESKTOP-44SJU5V" name="com.time.testscript.CustomerModule" tests="1" failures="0" timestamp="2021-10-07T19:11:56 IST" time="0.013" errors="0">
  <testcase name="createCustomer" time="0.013" classname="com.time.testscript.CustomerModule"/>
  <system-out>
    <![CDATA[createcustomer]]>
  </system-out>
</testsuite> <!-- com.time.testscript.CustomerModule -->
