<?xml version="1.0" encoding="UTF-8"?>
<!-- Generated by org.testng.reporters.JUnitReportReporter -->
<testsuite skipped="0" hostname="DESKTOP-44SJU5V" name="com.Actitime.Generic.RunTimePolymorphism" tests="1" failures="0" timestamp="2021-10-19T07:40:52 IST" time="20.201" errors="0">
  <testcase name="testRuntime" time="20.201" classname="com.Actitime.Generic.RunTimePolymorphism"/>
  <system-out/>
</testsuite> <!-- com.Actitime.Generic.RunTimePolymorphism -->
