<?xml version="1.0" encoding="UTF-8"?>
<!-- Generated by org.testng.reporters.JUnitReportReporter -->
<testsuite skipped="0" hostname="DESKTOP-44SJU5V" name="jsp.AllCheckBox" tests="1" failures="0" timestamp="2021-11-28T12:37:01 IST" time="5.012" errors="0">
  <testcase name="testCheckBox" time="5.012" classname="jsp.AllCheckBox"/>
  <system-out/>
</testsuite> <!-- jsp.AllCheckBox -->
