<?xml version="1.0" encoding="UTF-8"?>
<!-- Generated by org.testng.reporters.JUnitReportReporter -->
<testsuite skipped="0" hostname="DESKTOP-44SJU5V" name="com.time.testscript.TestngDemo2" tests="4" failures="0" timestamp="2021-10-11T10:00:02 IST" time="0.035" errors="0">
  <testcase name="register" time="0.006" classname="com.time.testscript.TestngDemo2"/>
  <system-out>
    <![CDATA[Register]]>
  </system-out>
  <testcase name="deleteCustomer" time="0.014" classname="com.time.testscript.TestngDemo2"/>
  <system-out>
    <![CDATA[Delete Customer]]>
  </system-out>
  <testcase name="editCustomer" time="0.008" classname="com.time.testscript.TestngDemo2"/>
  <system-out>
    <![CDATA[Edit Customer]]>
  </system-out>
  <testcase name="editCustomer" time="0.007" classname="com.time.testscript.TestngDemo2"/>
  <system-out>
    <![CDATA[Edit Customer]]>
  </system-out>
</testsuite> <!-- com.time.testscript.TestngDemo2 -->
