<?xml version="1.0" encoding="UTF-8"?>
<!-- Generated by org.testng.reporters.JUnitReportReporter -->
<testsuite skipped="0" hostname="DESKTOP-44SJU5V" name="com.time.testscript.Assertion" tests="1" failures="0" timestamp="2021-10-06T15:52:20 IST" time="7.863" errors="0">
  <testcase name="testVerifyTitle" time="7.863" classname="com.time.testscript.Assertion"/>
  <system-out>
    <![CDATA[Title is not matching so failed]]>
  </system-out>
</testsuite> <!-- com.time.testscript.Assertion -->
