<?xml version="1.0" encoding="UTF-8"?>
<!-- Generated by org.testng.reporters.JUnitReportReporter -->
<testsuite skipped="0" hostname="DESKTOP-44SJU5V" name="com.time.testscript.VerifyTitle" tests="1" failures="0" timestamp="2021-12-12T21:19:41 IST" time="5.225" errors="0">
  <testcase name="testVerifyTitle" time="5.225" classname="com.time.testscript.VerifyTitle"/>
  <system-out/>
</testsuite> <!-- com.time.testscript.VerifyTitle -->
